[0.005s][info][class,load] opened: /Users/jasper/Library/Caches/JetBrains/IntelliJIdea2026.1/captureAgent/debugger-agent.jar
[0.009s][info][class,load] java.lang.Object source: shared objects file
[0.010s][info][class,load] java.io.Serializable source: shared objects file
[0.010s][info][class,load] java.lang.Comparable source: shared objects file
[0.010s][info][class,load] java.lang.CharSequence source: shared objects file
[0.010s][info][class,load] java.lang.constant.Constable source: shared objects file
[0.010s][info][class,load] java.lang.constant.ConstantDesc source: shared objects file
[0.010s][info][class,load] java.lang.String source: shared objects file
[0.010s][info][class,load] java.lang.reflect.AnnotatedElement source: shared objects file
[0.010s][info][class,load] java.lang.reflect.GenericDeclaration source: shared objects file
[0.010s][info][class,load] java.lang.reflect.Type source: shared objects file
[0.010s][info][class,load] java.lang.invoke.TypeDescriptor source: shared objects file
[0.010s][info][class,load] java.lang.invoke.TypeDescriptor$OfField source: shared objects file
[0.010s][info][class,load] java.lang.Class source: shared objects file
[0.010s][info][class,load] java.lang.Cloneable source: shared objects file
[0.010s][info][class,load] java.lang.ClassLoader source: shared objects file
[0.010s][info][class,load] java.lang.System source: shared objects file
[0.010s][info][class,load] java.lang.Throwable source: shared objects file
[0.010s][info][class,load] java.lang.Error source: shared objects file
[0.010s][info][class,load] java.lang.Exception source: shared objects file
[0.010s][info][class,load] java.lang.RuntimeException source: shared objects file
[0.010s][info][class,load] java.lang.SecurityManager source: shared objects file
[0.010s][info][class,load] java.security.ProtectionDomain source: shared objects file
[0.010s][info][class,load] java.security.AccessControlContext source: shared objects file
[0.010s][info][class,load] java.security.AccessController source: shared objects file
[0.010s][info][class,load] java.security.SecureClassLoader source: shared objects file
[0.010s][info][class,load] java.lang.ReflectiveOperationException source: shared objects file
[0.010s][info][class,load] java.lang.ClassNotFoundException source: shared objects file
[0.010s][info][class,load] java.lang.Record source: shared objects file
[0.010s][info][class,load] java.lang.LinkageError source: shared objects file
[0.010s][info][class,load] java.lang.NoClassDefFoundError source: shared objects file
[0.010s][info][class,load] java.lang.ClassCastException source: shared objects file
[0.010s][info][class,load] java.lang.ArrayStoreException source: shared objects file
[0.010s][info][class,load] java.lang.VirtualMachineError source: shared objects file
[0.010s][info][class,load] java.lang.InternalError source: shared objects file
[0.010s][info][class,load] java.lang.OutOfMemoryError source: shared objects file
[0.010s][info][class,load] java.lang.StackOverflowError source: shared objects file
[0.010s][info][class,load] java.lang.IllegalMonitorStateException source: shared objects file
[0.010s][info][class,load] java.lang.ref.Reference source: shared objects file
[0.010s][info][class,load] java.lang.ref.SoftReference source: shared objects file
[0.010s][info][class,load] java.lang.ref.WeakReference source: shared objects file
[0.010s][info][class,load] java.lang.ref.FinalReference source: shared objects file
[0.010s][info][class,load] java.lang.ref.PhantomReference source: shared objects file
[0.010s][info][class,load] java.lang.ref.Finalizer source: shared objects file
[0.010s][info][class,load] java.lang.Runnable source: shared objects file
[0.010s][info][class,load] java.lang.Thread source: shared objects file
[0.010s][info][class,load] java.lang.Thread$FieldHolder source: shared objects file
[0.010s][info][class,load] java.lang.Thread$Constants source: shared objects file
[0.010s][info][class,load] java.lang.Thread$UncaughtExceptionHandler source: shared objects file
[0.010s][info][class,load] java.lang.ThreadGroup source: shared objects file
[0.010s][info][class,load] java.lang.BaseVirtualThread source: shared objects file
[0.010s][info][class,load] java.lang.VirtualThread source: shared objects file
[0.010s][info][class,load] java.lang.ThreadBuilders$BoundVirtualThread source: shared objects file
[0.010s][info][class,load] java.util.Dictionary source: shared objects file
[0.010s][info][class,load] java.util.Map source: shared objects file
[0.010s][info][class,load] java.util.Hashtable source: shared objects file
[0.010s][info][class,load] java.util.Properties source: shared objects file
[0.010s][info][class,load] java.lang.Module source: shared objects file
[0.010s][info][class,load] java.lang.reflect.AccessibleObject source: shared objects file
[0.010s][info][class,load] java.lang.reflect.Member source: shared objects file
[0.010s][info][class,load] java.lang.reflect.Field source: shared objects file
[0.010s][info][class,load] java.lang.reflect.Parameter source: shared objects file
[0.010s][info][class,load] java.lang.reflect.Executable source: shared objects file
[0.010s][info][class,load] java.lang.reflect.Method source: shared objects file
[0.010s][info][class,load] java.lang.reflect.Constructor source: shared objects file
[0.010s][info][class,load] jdk.internal.vm.ContinuationScope source: shared objects file
[0.010s][info][class,load] jdk.internal.vm.Continuation source: shared objects file
[0.010s][info][class,load] jdk.internal.vm.StackChunk source: shared objects file
[0.010s][info][class,load] jdk.internal.reflect.MagicAccessorImpl source: shared objects file
[0.010s][info][class,load] jdk.internal.reflect.MethodAccessor source: shared objects file
[0.010s][info][class,load] jdk.internal.reflect.MethodAccessorImpl source: shared objects file
[0.010s][info][class,load] jdk.internal.reflect.ConstructorAccessor source: shared objects file
[0.010s][info][class,load] jdk.internal.reflect.ConstructorAccessorImpl source: shared objects file
[0.010s][info][class,load] jdk.internal.reflect.DelegatingClassLoader source: shared objects file
[0.010s][info][class,load] jdk.internal.reflect.ConstantPool source: shared objects file
[0.010s][info][class,load] jdk.internal.reflect.FieldAccessor source: shared objects file
[0.010s][info][class,load] jdk.internal.reflect.FieldAccessorImpl source: shared objects file
[0.010s][info][class,load] jdk.internal.reflect.UnsafeFieldAccessorImpl source: shared objects file
[0.010s][info][class,load] jdk.internal.reflect.UnsafeStaticFieldAccessorImpl source: shared objects file
[0.010s][info][class,load] java.lang.annotation.Annotation source: shared objects file
[0.010s][info][class,load] jdk.internal.reflect.CallerSensitive source: shared objects file
[0.010s][info][class,load] jdk.internal.reflect.NativeConstructorAccessorImpl source: shared objects file
[0.010s][info][class,load] java.lang.invoke.MethodHandle source: shared objects file
[0.010s][info][class,load] java.lang.invoke.DirectMethodHandle source: shared objects file
[0.010s][info][class,load] java.lang.invoke.VarHandle source: shared objects file
[0.010s][info][class,load] java.lang.invoke.MemberName source: shared objects file
[0.010s][info][class,load] java.lang.invoke.ResolvedMethodName source: shared objects file
[0.010s][info][class,load] java.lang.invoke.MethodHandleNatives source: shared objects file
[0.010s][info][class,load] java.lang.invoke.LambdaForm source: shared objects file
[0.010s][info][class,load] java.lang.invoke.TypeDescriptor$OfMethod source: shared objects file
[0.010s][info][class,load] java.lang.invoke.MethodType source: shared objects file
[0.010s][info][class,load] java.lang.BootstrapMethodError source: shared objects file
[0.010s][info][class,load] java.lang.invoke.CallSite source: shared objects file
[0.010s][info][class,load] jdk.internal.foreign.abi.NativeEntryPoint source: shared objects file
[0.010s][info][class,load] jdk.internal.foreign.abi.ABIDescriptor source: shared objects file
[0.010s][info][class,load] jdk.internal.foreign.abi.VMStorage source: shared objects file
[0.010s][info][class,load] jdk.internal.foreign.abi.UpcallLinker$CallRegs source: shared objects file
[0.010s][info][class,load] java.lang.invoke.MethodHandleNatives$CallSiteContext source: shared objects file
[0.010s][info][class,load] java.lang.invoke.ConstantCallSite source: shared objects file
[0.010s][info][class,load] java.lang.invoke.MutableCallSite source: shared objects file
[0.010s][info][class,load] java.lang.invoke.VolatileCallSite source: shared objects file
[0.010s][info][class,load] java.lang.AssertionStatusDirectives source: shared objects file
[0.010s][info][class,load] java.lang.Appendable source: shared objects file
[0.010s][info][class,load] java.lang.AbstractStringBuilder source: shared objects file
[0.010s][info][class,load] java.lang.StringBuffer source: shared objects file
[0.010s][info][class,load] java.lang.StringBuilder source: shared objects file
[0.010s][info][class,load] jdk.internal.misc.UnsafeConstants source: shared objects file
[0.010s][info][class,load] jdk.internal.misc.Unsafe source: shared objects file
[0.010s][info][class,load] jdk.internal.module.Modules source: shared objects file
[0.010s][info][class,load] java.lang.AutoCloseable source: shared objects file
[0.010s][info][class,load] java.io.Closeable source: shared objects file
[0.010s][info][class,load] java.io.InputStream source: shared objects file
[0.010s][info][class,load] java.io.ByteArrayInputStream source: shared objects file
[0.010s][info][class,load] java.net.URL source: shared objects file
[0.010s][info][class,load] java.net.URLClassLoader source: shared objects file
[0.010s][info][class,load] java.lang.Enum source: shared objects file
[0.010s][info][class,load] java.util.jar.Manifest source: shared objects file
[0.010s][info][class,load] jdk.internal.loader.BuiltinClassLoader source: shared objects file
[0.010s][info][class,load] jdk.internal.loader.ClassLoaders source: shared objects file
[0.010s][info][class,load] jdk.internal.loader.ClassLoaders$AppClassLoader source: shared objects file
[0.010s][info][class,load] jdk.internal.loader.ClassLoaders$PlatformClassLoader source: shared objects file
[0.010s][info][class,load] java.security.CodeSource source: shared objects file
[0.010s][info][class,load] java.util.AbstractMap source: shared objects file
[0.010s][info][class,load] java.util.concurrent.ConcurrentMap source: shared objects file
[0.010s][info][class,load] java.util.concurrent.ConcurrentHashMap source: shared objects file
[0.010s][info][class,load] java.lang.Iterable source: shared objects file
[0.010s][info][class,load] java.util.Collection source: shared objects file
[0.010s][info][class,load] java.util.AbstractCollection source: shared objects file
[0.010s][info][class,load] java.util.SequencedCollection source: shared objects file
[0.010s][info][class,load] java.util.List source: shared objects file
[0.010s][info][class,load] java.util.AbstractList source: shared objects file
[0.010s][info][class,load] java.util.RandomAccess source: shared objects file
[0.010s][info][class,load] java.util.ArrayList source: shared objects file
[0.010s][info][class,load] java.lang.StackTraceElement source: shared objects file
[0.010s][info][class,load] java.nio.Buffer source: shared objects file
[0.010s][info][class,load] java.lang.StackWalker source: shared objects file
[0.010s][info][class,load] java.lang.StackStreamFactory$AbstractStackWalker source: shared objects file
[0.010s][info][class,load] java.lang.StackWalker$StackFrame source: shared objects file
[0.010s][info][class,load] java.lang.StackFrameInfo source: shared objects file
[0.010s][info][class,load] java.lang.LiveStackFrame source: shared objects file
[0.010s][info][class,load] java.lang.LiveStackFrameInfo source: shared objects file
[0.010s][info][class,load] java.util.concurrent.locks.AbstractOwnableSynchronizer source: shared objects file
[0.010s][info][class,load] java.lang.Boolean source: shared objects file
[0.010s][info][class,load] java.lang.Character source: shared objects file
[0.010s][info][class,load] java.lang.Number source: shared objects file
[0.010s][info][class,load] java.lang.Float source: shared objects file
[0.010s][info][class,load] java.lang.Double source: shared objects file
[0.010s][info][class,load] java.lang.Byte source: shared objects file
[0.010s][info][class,load] java.lang.Short source: shared objects file
[0.010s][info][class,load] java.lang.Integer source: shared objects file
[0.010s][info][class,load] java.lang.Long source: shared objects file
[0.010s][info][class,load] java.util.Iterator source: shared objects file
[0.010s][info][class,load] java.lang.reflect.RecordComponent source: shared objects file
[0.010s][info][class,load] jdk.internal.vm.vector.VectorSupport source: shared objects file
[0.010s][info][class,load] jdk.internal.vm.vector.VectorSupport$VectorPayload source: shared objects file
[0.010s][info][class,load] jdk.internal.vm.vector.VectorSupport$Vector source: shared objects file
[0.010s][info][class,load] jdk.internal.vm.vector.VectorSupport$VectorMask source: shared objects file
[0.010s][info][class,load] jdk.internal.vm.vector.VectorSupport$VectorShuffle source: shared objects file
[0.010s][info][class,load] jdk.internal.vm.FillerObject source: shared objects file
[0.010s][info][class,load] java.lang.Integer$IntegerCache source: shared objects file
[0.010s][info][class,load] java.lang.Long$LongCache source: shared objects file
[0.010s][info][class,load] java.lang.Byte$ByteCache source: shared objects file
[0.010s][info][class,load] java.lang.Short$ShortCache source: shared objects file
[0.010s][info][class,load] java.lang.Character$CharacterCache source: shared objects file
[0.010s][info][class,load] java.util.jar.Attributes$Name source: shared objects file
[0.010s][info][class,load] java.util.ImmutableCollections$AbstractImmutableMap source: shared objects file
[0.010s][info][class,load] java.util.ImmutableCollections$MapN source: shared objects file
[0.010s][info][class,load] sun.util.locale.BaseLocale source: shared objects file
[0.010s][info][class,load] jdk.internal.module.ArchivedModuleGraph source: shared objects file
[0.010s][info][class,load] java.lang.module.ModuleFinder source: shared objects file
[0.010s][info][class,load] jdk.internal.module.SystemModuleFinders$SystemModuleFinder source: shared objects file
[0.010s][info][class,load] java.util.ImmutableCollections$AbstractImmutableCollection source: shared objects file
[0.010s][info][class,load] java.util.Set source: shared objects file
[0.010s][info][class,load] java.util.ImmutableCollections$AbstractImmutableSet source: shared objects file
[0.010s][info][class,load] java.util.ImmutableCollections$SetN source: shared objects file
[0.010s][info][class,load] java.lang.module.ModuleReference source: shared objects file
[0.010s][info][class,load] jdk.internal.module.ModuleReferenceImpl source: shared objects file
[0.010s][info][class,load] java.lang.module.ModuleDescriptor source: shared objects file
[0.010s][info][class,load] java.lang.module.ModuleDescriptor$Version source: shared objects file
[0.010s][info][class,load] java.lang.module.ModuleDescriptor$Requires source: shared objects file
[0.010s][info][class,load] java.util.ImmutableCollections$Set12 source: shared objects file
[0.010s][info][class,load] java.lang.module.ModuleDescriptor$Requires$Modifier source: shared objects file
[0.010s][info][class,load] java.lang.module.ModuleDescriptor$Provides source: shared objects file
[0.010s][info][class,load] java.util.ImmutableCollections$AbstractImmutableList source: shared objects file
[0.010s][info][class,load] java.util.ImmutableCollections$List12 source: shared objects file
[0.010s][info][class,load] java.util.ImmutableCollections$ListN source: shared objects file
[0.010s][info][class,load] java.net.URI source: shared objects file
[0.010s][info][class,load] java.util.function.Supplier source: shared objects file
[0.010s][info][class,load] jdk.internal.module.SystemModuleFinders$2 source: shared objects file
[0.010s][info][class,load] jdk.internal.module.ModuleHashes$HashSupplier source: shared objects file
[0.010s][info][class,load] jdk.internal.module.SystemModuleFinders$3 source: shared objects file
[0.010s][info][class,load] java.lang.module.ModuleDescriptor$Exports source: shared objects file
[0.010s][info][class,load] java.lang.module.ModuleDescriptor$Opens source: shared objects file
[0.010s][info][class,load] jdk.internal.module.ModuleTarget source: shared objects file
[0.010s][info][class,load] jdk.internal.module.ModuleHashes source: shared objects file
[0.010s][info][class,load] java.util.Collections$UnmodifiableMap source: shared objects file
[0.010s][info][class,load] java.util.HashMap source: shared objects file
[0.010s][info][class,load] java.util.Map$Entry source: shared objects file
[0.010s][info][class,load] java.util.HashMap$Node source: shared objects file
[0.010s][info][class,load] java.lang.module.Configuration source: shared objects file
[0.010s][info][class,load] java.lang.module.ResolvedModule source: shared objects file
[0.010s][info][class,load] java.util.function.Function source: shared objects file
[0.010s][info][class,load] jdk.internal.module.ModuleLoaderMap$Mapper source: shared objects file
[0.010s][info][class,load] java.util.ImmutableCollections source: shared objects file
[0.010s][info][class,load] java.lang.ModuleLayer source: shared objects file
[0.010s][info][class,load] jdk.internal.math.FDBigInteger source: shared objects file
[0.011s][info][class,load] java.lang.NullPointerException source: shared objects file
[0.011s][info][class,load] java.lang.ArithmeticException source: shared objects file
[0.011s][info][class,load] java.io.ObjectStreamField source: shared objects file
[0.011s][info][class,load] java.util.Comparator source: shared objects file
[0.011s][info][class,load] java.lang.String$CaseInsensitiveComparator source: shared objects file
[0.011s][info][class,load] jdk.internal.misc.VM source: shared objects file
[0.011s][info][class,load] java.lang.Module$ArchivedData source: shared objects file
[0.011s][info][class,load] jdk.internal.misc.CDS source: shared objects file
[0.011s][info][class,load] java.util.Objects source: shared objects file
[0.011s][info][class,load] jdk.internal.access.JavaLangReflectAccess source: shared objects file
[0.011s][info][class,load] java.lang.reflect.ReflectAccess source: shared objects file
[0.011s][info][class,load] jdk.internal.access.SharedSecrets source: shared objects file
[0.011s][info][class,load] java.security.PrivilegedAction source: shared objects file
[0.011s][info][class,load] jdk.internal.reflect.ReflectionFactory$GetReflectionFactoryAction source: shared objects file
[0.011s][info][class,load] jdk.internal.reflect.Reflection source: shared objects file
[0.011s][info][class,load] java.lang.StringLatin1 source: shared objects file
[0.011s][info][class,load] java.lang.Math source: shared objects file
[0.011s][info][class,load] jdk.internal.reflect.ReflectionFactory source: shared objects file
[0.011s][info][class,load] jdk.internal.reflect.ReflectionFactory$Config source: shared objects file
[0.011s][info][class,load] jdk.internal.access.JavaLangRefAccess source: shared objects file
[0.011s][info][class,load] java.lang.ref.Reference$1 source: shared objects file
[0.011s][info][class,load] java.lang.ref.ReferenceQueue source: shared objects file
[0.011s][info][class,load] java.lang.ref.NativeReferenceQueue source: shared objects file
[0.011s][info][class,load] java.lang.ref.ReferenceQueue$Null source: shared objects file
[0.011s][info][class,load] java.lang.ref.NativeReferenceQueue$Lock source: shared objects file
[0.011s][info][class,load] jdk.internal.access.JavaLangAccess source: shared objects file
[0.011s][info][class,load] java.lang.System$2 source: shared objects file
[0.011s][info][class,load] jdk.internal.util.SystemProps source: shared objects file
[0.011s][info][class,load] jdk.internal.util.SystemProps$Raw source: shared objects file
[0.014s][info][class,load] java.nio.charset.Charset source: shared objects file
[0.014s][info][class,load] java.nio.charset.spi.CharsetProvider source: shared objects file
[0.014s][info][class,load] sun.nio.cs.StandardCharsets source: shared objects file
[0.014s][info][class,load] sun.nio.cs.HistoricallyNamedCharset source: shared objects file
[0.014s][info][class,load] sun.nio.cs.Unicode source: shared objects file
[0.014s][info][class,load] sun.nio.cs.UTF_8 source: shared objects file
[0.014s][info][class,load] jdk.internal.util.ArraysSupport source: shared objects file
[0.015s][info][class,load] java.util.LinkedHashMap$Entry source: shared objects file
[0.015s][info][class,load] java.util.HashMap$TreeNode source: shared objects file
[0.015s][info][class,load] java.lang.StringConcatHelper source: shared objects file
[0.015s][info][class,load] java.lang.VersionProps source: shared objects file
[0.015s][info][class,load] java.lang.Runtime source: shared objects file
[0.015s][info][class,load] jdk.internal.util.Preconditions source: shared objects file
[0.015s][info][class,load] jdk.internal.util.Preconditions$1 source: shared objects file
[0.015s][info][class,load] java.util.function.BiFunction source: shared objects file
[0.015s][info][class,load] jdk.internal.util.Preconditions$4 source: shared objects file
[0.015s][info][class,load] jdk.internal.util.Preconditions$2 source: shared objects file
[0.015s][info][class,load] jdk.internal.util.Preconditions$3 source: shared objects file
[0.015s][info][class,load] java.util.Arrays source: shared objects file
[0.015s][info][class,load] java.lang.CharacterData source: shared objects file
[0.015s][info][class,load] java.lang.CharacterDataLatin1 source: shared objects file
[0.015s][info][class,load] java.util.concurrent.locks.Lock source: shared objects file
[0.015s][info][class,load] java.util.concurrent.locks.ReentrantLock source: shared objects file
[0.015s][info][class,load] java.util.concurrent.ConcurrentHashMap$Segment source: shared objects file
[0.015s][info][class,load] java.util.concurrent.ConcurrentHashMap$CounterCell source: shared objects file
[0.015s][info][class,load] java.util.concurrent.ConcurrentHashMap$Node source: shared objects file
[0.015s][info][class,load] java.util.concurrent.locks.LockSupport source: shared objects file
[0.015s][info][class,load] java.util.concurrent.ConcurrentHashMap$ReservationNode source: shared objects file
[0.015s][info][class,load] java.util.AbstractSet source: shared objects file
[0.015s][info][class,load] java.util.HashMap$EntrySet source: shared objects file
[0.015s][info][class,load] java.util.HashMap$HashIterator source: shared objects file
[0.015s][info][class,load] java.util.HashMap$EntryIterator source: shared objects file
[0.015s][info][class,load] jdk.internal.util.StaticProperty source: shared objects file
[0.015s][info][class,load] java.io.FileInputStream source: shared objects file
[0.015s][info][class,load] java.io.FileDescriptor source: shared objects file
[0.015s][info][class,load] jdk.internal.access.JavaIOFileDescriptorAccess source: shared objects file
[0.015s][info][class,load] java.io.FileDescriptor$1 source: shared objects file
[0.015s][info][class,load] java.io.Flushable source: shared objects file
[0.015s][info][class,load] java.io.OutputStream source: shared objects file
[0.015s][info][class,load] java.io.FileOutputStream source: shared objects file
[0.015s][info][class,load] java.io.FilterInputStream source: shared objects file
[0.015s][info][class,load] java.io.BufferedInputStream source: shared objects file
[0.015s][info][class,load] jdk.internal.misc.InternalLock source: shared objects file
[0.015s][info][class,load] java.util.concurrent.locks.AbstractQueuedSynchronizer source: shared objects file
[0.015s][info][class,load] java.util.concurrent.locks.ReentrantLock$Sync source: shared objects file
[0.015s][info][class,load] java.util.concurrent.locks.ReentrantLock$NonfairSync source: shared objects file
[0.015s][info][class,load] java.io.FilterOutputStream source: shared objects file
[0.015s][info][class,load] java.io.PrintStream source: shared objects file
[0.015s][info][class,load] jdk.internal.access.JavaIOPrintStreamAccess source: shared objects file
[0.015s][info][class,load] java.io.PrintStream$1 source: shared objects file
[0.015s][info][class,load] java.io.BufferedOutputStream source: shared objects file
[0.015s][info][class,load] java.io.Writer source: shared objects file
[0.015s][info][class,load] java.io.OutputStreamWriter source: shared objects file
[0.015s][info][class,load] sun.nio.cs.StreamEncoder source: shared objects file
[0.015s][info][class,load] java.nio.charset.CharsetEncoder source: shared objects file
[0.015s][info][class,load] sun.nio.cs.UTF_8$Encoder source: shared objects file
[0.015s][info][class,load] java.nio.charset.CodingErrorAction source: shared objects file
[0.015s][info][class,load] java.nio.ByteBuffer source: shared objects file
[0.015s][info][class,load] jdk.internal.misc.ScopedMemoryAccess source: shared objects file
[0.015s][info][class,load] java.nio.Buffer$1 source: shared objects file
[0.015s][info][class,load] jdk.internal.access.JavaNioAccess source: shared objects file
[0.015s][info][class,load] java.nio.Buffer$2 source: shared objects file
[0.015s][info][class,load] java.nio.HeapByteBuffer source: shared objects file
[0.015s][info][class,load] java.nio.ByteOrder source: shared objects file
[0.015s][info][class,load] java.io.BufferedWriter source: shared objects file
[0.015s][info][class,load] java.lang.Terminator source: shared objects file
[0.015s][info][class,load] jdk.internal.misc.Signal$Handler source: shared objects file
[0.015s][info][class,load] java.lang.Terminator$1 source: shared objects file
[0.015s][info][class,load] jdk.internal.misc.Signal source: shared objects file
[0.015s][info][class,load] java.util.Hashtable$Entry source: shared objects file
[0.015s][info][class,load] jdk.internal.misc.Signal$NativeHandler source: shared objects file
[0.015s][info][class,load] jdk.internal.misc.OSEnvironment source: shared objects file
[0.015s][info][class,load] java.lang.Thread$State source: shared objects file
[0.015s][info][class,load] java.lang.ref.Reference$ReferenceHandler source: shared objects file
[0.015s][info][class,load] java.lang.Thread$ThreadIdentifiers source: shared objects file
[0.016s][info][class,load] java.lang.ref.Finalizer$FinalizerThread source: shared objects file
[0.016s][info][class,load] jdk.internal.ref.Cleaner source: shared objects file
[0.016s][info][class,load] java.util.concurrent.locks.Condition source: shared objects file
[0.016s][info][class,load] java.util.Collections source: shared objects file
[0.016s][info][class,load] java.util.concurrent.locks.AbstractQueuedSynchronizer$ConditionObject source: shared objects file
[0.016s][info][class,load] java.util.Collections$EmptySet source: shared objects file
[0.016s][info][class,load] jdk.internal.misc.Blocker source: shared objects file
[0.016s][info][class,load] java.util.Collections$EmptyList source: shared objects file
[0.016s][info][class,load] java.util.Collections$EmptyMap source: shared objects file
[0.016s][info][class,load] java.lang.IllegalArgumentException source: shared objects file
[0.016s][info][class,load] java.lang.invoke.MethodHandleStatics source: shared objects file
[0.016s][info][class,load] java.lang.reflect.ClassFileFormatVersion source: shared objects file
[0.016s][info][class,load] sun.security.action.GetPropertyAction source: shared objects file
[0.016s][info][class,load] jdk.internal.util.ClassFileDumper source: shared objects file
[0.016s][info][class,load] java.util.HexFormat source: shared objects file
[0.016s][info][class,load] java.util.concurrent.atomic.AtomicInteger source: shared objects file
[0.016s][info][class,load] jdk.internal.module.ModuleBootstrap source: shared objects file
[0.016s][info][class,load] java.lang.invoke.MethodHandles source: shared objects file
[0.016s][info][class,load] java.lang.invoke.MemberName$Factory source: shared objects file
[0.016s][info][class,load] java.lang.invoke.MethodHandles$Lookup source: shared objects file
[0.016s][info][class,load] java.lang.StrictMath source: shared objects file
[0.016s][info][class,load] java.util.ImmutableCollections$MapN$1 source: shared objects file
[0.016s][info][class,load] java.util.ImmutableCollections$MapN$MapNIterator source: shared objects file
[0.016s][info][class,load] java.util.KeyValueHolder source: shared objects file
[0.016s][info][class,load] sun.invoke.util.VerifyAccess source: shared objects file
[0.016s][info][class,load] java.lang.reflect.Modifier source: shared objects file
[0.016s][info][class,load] jdk.internal.access.JavaLangModuleAccess source: shared objects file
[0.016s][info][class,load] java.lang.module.ModuleDescriptor$1 source: shared objects file
[0.016s][info][class,load] java.io.File source: shared objects file
[0.016s][info][class,load] java.io.DefaultFileSystem source: shared objects file
[0.016s][info][class,load] java.io.FileSystem source: shared objects file
[0.016s][info][class,load] java.io.UnixFileSystem source: shared objects file
[0.016s][info][class,load] jdk.internal.module.ModulePatcher source: shared objects file
[0.016s][info][class,load] java.util.HashSet source: shared objects file
[0.016s][info][class,load] jdk.internal.module.ModuleBootstrap$Counters source: shared objects file
[0.016s][info][class,load] jdk.internal.module.ArchivedBootLayer source: shared objects file
[0.016s][info][class,load] jdk.internal.access.JavaNetUriAccess source: shared objects file
[0.016s][info][class,load] java.net.URI$1 source: shared objects file
[0.016s][info][class,load] jdk.internal.loader.ArchivedClassLoaders source: shared objects file
[0.017s][info][class,load] jdk.internal.loader.URLClassPath source: shared objects file
[0.017s][info][class,load] java.net.URLStreamHandlerFactory source: shared objects file
[0.017s][info][class,load] java.net.URL$DefaultFactory source: shared objects file
[0.017s][info][class,load] jdk.internal.access.JavaNetURLAccess source: shared objects file
[0.017s][info][class,load] java.net.URL$3 source: shared objects file
[0.017s][info][class,load] java.io.File$PathStatus source: shared objects file
[0.017s][info][class,load] sun.net.www.ParseUtil source: shared objects file
[0.017s][info][class,load] java.net.URLStreamHandler source: shared objects file
[0.017s][info][class,load] sun.net.www.protocol.file.Handler source: shared objects file
[0.017s][info][class,load] sun.net.util.IPAddressUtil source: shared objects file
[0.017s][info][class,load] sun.net.util.IPAddressUtil$MASKS source: shared objects file
[0.017s][info][class,load] java.util.Queue source: shared objects file
[0.017s][info][class,load] java.util.Deque source: shared objects file
[0.017s][info][class,load] java.util.ArrayDeque source: shared objects file
[0.017s][info][class,load] sun.net.www.protocol.jar.Handler source: shared objects file
[0.017s][info][class,load] jdk.internal.loader.ClassLoaders$BootClassLoader source: shared objects file
[0.017s][info][class,load] java.security.cert.Certificate source: shared objects file
[0.017s][info][class,load] java.lang.ClassLoader$ParallelLoaders source: shared objects file
[0.017s][info][class,load] java.util.WeakHashMap source: shared objects file
[0.017s][info][class,load] java.util.WeakHashMap$Entry source: shared objects file
[0.017s][info][class,load] java.util.Collections$SetFromMap source: shared objects file
[0.017s][info][class,load] java.util.WeakHashMap$KeySet source: shared objects file
[0.017s][info][class,load] jdk.internal.access.JavaSecurityAccess source: shared objects file
[0.017s][info][class,load] java.security.ProtectionDomain$JavaSecurityAccessImpl source: shared objects file
[0.017s][info][class,load] java.security.ProtectionDomain$Key source: shared objects file
[0.017s][info][class,load] java.security.Principal source: shared objects file
[0.017s][info][class,load] jdk.internal.loader.NativeLibraries source: shared objects file
[0.017s][info][class,load] jdk.internal.loader.ClassLoaderHelper source: shared objects file
[0.017s][info][class,load] jdk.internal.util.OSVersion source: shared objects file
[0.017s][info][class,load] java.util.concurrent.ConcurrentHashMap$CollectionView source: shared objects file
[0.017s][info][class,load] java.util.concurrent.ConcurrentHashMap$KeySetView source: shared objects file
[0.018s][info][class,load] jdk.internal.module.ServicesCatalog source: shared objects file
[0.018s][info][class,load] jdk.internal.loader.AbstractClassLoaderValue source: shared objects file
[0.018s][info][class,load] jdk.internal.loader.ClassLoaderValue source: shared objects file
[0.018s][info][class,load] jdk.internal.module.SystemModuleFinders source: shared objects file
[0.018s][info][class,load] jdk.internal.module.SystemModulesMap source: shared objects file
[0.018s][info][class,load] jdk.internal.module.SystemModules source: shared objects file
[0.018s][info][class,load] jdk.internal.module.SystemModules$all source: shared objects file
[0.018s][info][class,load] jdk.internal.module.Builder source: shared objects file
[0.018s][info][class,load] java.util.ImmutableCollections$SetN$SetNIterator source: shared objects file
[0.018s][info][class,load] java.lang.module.ModuleDescriptor$Modifier source: shared objects file
[0.018s][info][class,load] java.lang.reflect.AccessFlag source: shared objects file
[0.018s][info][class,load] java.lang.reflect.AccessFlag$Location source: shared objects file
[0.018s][info][class,load] java.lang.reflect.AccessFlag$1 source: shared objects file
[0.018s][info][class,load] java.lang.reflect.AccessFlag$2 source: shared objects file
[0.018s][info][class,load] java.lang.reflect.AccessFlag$3 source: shared objects file
[0.018s][info][class,load] java.lang.reflect.AccessFlag$4 source: shared objects file
[0.018s][info][class,load] java.lang.reflect.AccessFlag$5 source: shared objects file
[0.018s][info][class,load] java.lang.reflect.AccessFlag$6 source: shared objects file
[0.018s][info][class,load] java.lang.reflect.AccessFlag$7 source: shared objects file
[0.018s][info][class,load] java.lang.reflect.AccessFlag$8 source: shared objects file
[0.018s][info][class,load] java.lang.reflect.AccessFlag$9 source: shared objects file
[0.018s][info][class,load] java.lang.reflect.AccessFlag$10 source: shared objects file
[0.018s][info][class,load] java.lang.reflect.AccessFlag$11 source: shared objects file
[0.018s][info][class,load] java.lang.reflect.AccessFlag$12 source: shared objects file
[0.018s][info][class,load] java.lang.reflect.AccessFlag$13 source: shared objects file
[0.018s][info][class,load] java.lang.reflect.AccessFlag$14 source: shared objects file
[0.018s][info][class,load] java.lang.reflect.AccessFlag$15 source: shared objects file
[0.018s][info][class,load] java.lang.reflect.AccessFlag$16 source: shared objects file
[0.018s][info][class,load] java.lang.reflect.AccessFlag$17 source: shared objects file
[0.018s][info][class,load] java.lang.reflect.AccessFlag$18 source: shared objects file
[0.018s][info][class,load] java.util.ImmutableCollections$Set12$1 source: shared objects file
[0.018s][info][class,load] jdk.internal.module.ModuleHashes$Builder source: shared objects file
[0.019s][info][class,load] jdk.internal.module.ModuleResolution source: shared objects file
[0.019s][info][class,load] java.util.Optional source: shared objects file
[0.019s][info][class,load] jdk.internal.loader.BootLoader source: shared objects file
[0.019s][info][class,load] java.lang.Module$EnableNativeAccess source: shared objects file
[0.019s][info][class,load] jdk.internal.loader.BuiltinClassLoader$LoadedModule source: shared objects file
[0.019s][info][class,load] java.util.HashMap$KeySet source: shared objects file
[0.019s][info][class,load] java.util.HashMap$KeyIterator source: shared objects file
[0.019s][info][class,load] jdk.internal.module.DefaultRoots source: shared objects file
[0.019s][info][class,load] java.util.Spliterators source: shared objects file
[0.019s][info][class,load] java.util.Spliterators$EmptySpliterator source: shared objects file
[0.019s][info][class,load] java.util.Spliterator source: shared objects file
[0.019s][info][class,load] java.util.Spliterators$EmptySpliterator$OfRef source: shared objects file
[0.019s][info][class,load] java.util.Spliterator$OfPrimitive source: shared objects file
[0.019s][info][class,load] java.util.Spliterator$OfInt source: shared objects file
[0.019s][info][class,load] java.util.Spliterators$EmptySpliterator$OfInt source: shared objects file
[0.019s][info][class,load] java.util.Spliterator$OfLong source: shared objects file
[0.019s][info][class,load] java.util.Spliterators$EmptySpliterator$OfLong source: shared objects file
[0.019s][info][class,load] java.util.Spliterator$OfDouble source: shared objects file
[0.019s][info][class,load] java.util.Spliterators$EmptySpliterator$OfDouble source: shared objects file
[0.019s][info][class,load] java.util.Spliterators$IteratorSpliterator source: shared objects file
[0.019s][info][class,load] java.util.stream.StreamSupport source: shared objects file
[0.019s][info][class,load] java.util.stream.PipelineHelper source: shared objects file
[0.019s][info][class,load] java.util.stream.BaseStream source: shared objects file
[0.019s][info][class,load] java.util.stream.AbstractPipeline source: shared objects file
[0.019s][info][class,load] java.util.stream.Stream source: shared objects file
[0.019s][info][class,load] java.util.stream.ReferencePipeline source: shared objects file
[0.019s][info][class,load] java.util.stream.ReferencePipeline$Head source: shared objects file
[0.019s][info][class,load] java.util.stream.StreamOpFlag source: shared objects file
[0.019s][info][class,load] java.util.stream.StreamOpFlag$Type source: shared objects file
[0.019s][info][class,load] java.util.stream.StreamOpFlag$MaskBuilder source: shared objects file
[0.019s][info][class,load] java.util.EnumMap source: shared objects file
[0.019s][info][class,load] java.util.EnumMap$1 source: shared objects file
[0.019s][info][class,load] java.lang.Class$ReflectionData source: shared objects file
[0.019s][info][class,load] java.lang.Class$Atomic source: shared objects file
[0.019s][info][class,load] java.lang.PublicMethods$MethodList source: shared objects file
[0.019s][info][class,load] java.lang.PublicMethods$Key source: shared objects file
[0.019s][info][class,load] java.lang.Class$3 source: shared objects file
[0.019s][info][class,load] sun.reflect.annotation.AnnotationParser source: shared objects file
[0.019s][info][class,load] jdk.internal.reflect.MethodHandleAccessorFactory source: shared objects file
[0.019s][info][class,load] java.lang.invoke.MethodType$1 source: shared objects file
[0.019s][info][class,load] jdk.internal.util.ReferencedKeySet source: shared objects file
[0.019s][info][class,load] jdk.internal.util.ReferencedKeyMap source: shared objects file
[0.019s][info][class,load] jdk.internal.util.ReferenceKey source: shared objects file
[0.019s][info][class,load] jdk.internal.util.StrongReferenceKey source: shared objects file
[0.019s][info][class,load] java.lang.invoke.MethodTypeForm source: shared objects file
[0.019s][info][class,load] jdk.internal.util.WeakReferenceKey source: shared objects file
[0.019s][info][class,load] jdk.internal.reflect.MethodHandleAccessorFactory$LazyStaticHolder source: shared objects file
[0.019s][info][class,load] java.lang.invoke.MethodHandleImpl source: shared objects file
[0.019s][info][class,load] java.lang.invoke.LambdaForm$NamedFunction source: shared objects file
[0.019s][info][class,load] jdk.internal.access.JavaLangInvokeAccess source: shared objects file
[0.019s][info][class,load] java.lang.invoke.MethodHandleImpl$1 source: shared objects file
[0.019s][info][class,load] java.lang.NoSuchMethodException source: shared objects file
[0.020s][info][class,load] sun.invoke.util.Wrapper source: shared objects file
[0.020s][info][class,load] sun.invoke.util.Wrapper$Format source: shared objects file
[0.020s][info][class,load] java.lang.Void source: shared objects file
[0.020s][info][class,load] java.lang.invoke.DirectMethodHandle$Holder source: shared objects file
[0.020s][info][class,load] sun.invoke.util.ValueConversions source: shared objects file
[0.020s][info][class,load] java.lang.invoke.Invokers source: shared objects file
[0.020s][info][class,load] java.lang.invoke.LambdaForm$Kind source: shared objects file
[0.020s][info][class,load] java.lang.invoke.LambdaForm$BasicType source: shared objects file
[0.020s][info][class,load] java.lang.reflect.Array source: shared objects file
[0.020s][info][class,load] java.lang.invoke.LambdaForm$Name source: shared objects file
[0.020s][info][class,load] java.lang.invoke.LambdaForm$Holder source: shared objects file
[0.020s][info][class,load] java.lang.invoke.InvokerBytecodeGenerator source: shared objects file
[0.020s][info][class,load] java.lang.invoke.InvokerBytecodeGenerator$1 source: shared objects file
[0.020s][info][class,load] java.lang.invoke.MethodHandleImpl$Intrinsic source: shared objects file
[0.020s][info][class,load] java.lang.invoke.BoundMethodHandle source: shared objects file
[0.020s][info][class,load] java.lang.invoke.ClassSpecializer source: shared objects file
[0.020s][info][class,load] java.lang.invoke.BoundMethodHandle$Specializer source: shared objects file
[0.020s][info][class,load] java.lang.invoke.ClassSpecializer$1 source: shared objects file
[0.020s][info][class,load] java.lang.invoke.ClassSpecializer$SpeciesData source: shared objects file
[0.020s][info][class,load] java.lang.invoke.BoundMethodHandle$SpeciesData source: shared objects file
[0.020s][info][class,load] java.lang.invoke.ClassSpecializer$Factory source: shared objects file
[0.020s][info][class,load] java.lang.invoke.BoundMethodHandle$Specializer$Factory source: shared objects file
[0.020s][info][class,load] java.lang.invoke.SimpleMethodHandle source: shared objects file
[0.020s][info][class,load] java.lang.NoSuchFieldException source: shared objects file
[0.020s][info][class,load] java.lang.invoke.BoundMethodHandle$Species_L source: shared objects file
[0.021s][info][class,load] java.lang.invoke.DirectMethodHandle$2 source: shared objects file
[0.021s][info][class,load] java.lang.invoke.DirectMethodHandle$Accessor source: shared objects file
[0.021s][info][class,load] java.lang.invoke.DelegatingMethodHandle source: shared objects file
[0.021s][info][class,load] java.lang.invoke.DelegatingMethodHandle$Holder source: shared objects file
[0.021s][info][class,load] java.lang.invoke.VarHandle$AccessMode source: shared objects file
[0.021s][info][class,load] java.lang.invoke.VarHandle$AccessType source: shared objects file
[0.021s][info][class,load] java.lang.invoke.Invokers$Holder source: shared objects file
[0.021s][info][class,load] java.lang.invoke.LambdaFormEditor source: shared objects file
[0.021s][info][class,load] java.lang.invoke.LambdaFormEditor$TransformKey source: shared objects file
[0.021s][info][class,load] java.lang.invoke.LambdaFormBuffer source: shared objects file
[0.021s][info][class,load] java.lang.invoke.LambdaFormEditor$Transform source: shared objects file
[0.021s][info][class,load] jdk.internal.org.objectweb.asm.ClassVisitor source: shared objects file
[0.021s][info][class,load] jdk.internal.org.objectweb.asm.ClassWriter source: shared objects file
[0.021s][info][class,load] jdk.internal.org.objectweb.asm.SymbolTable source: shared objects file
[0.021s][info][class,load] jdk.internal.org.objectweb.asm.Symbol source: shared objects file
[0.021s][info][class,load] jdk.internal.org.objectweb.asm.SymbolTable$Entry source: shared objects file
[0.021s][info][class,load] jdk.internal.org.objectweb.asm.ByteVector source: shared objects file
[0.021s][info][class,load] sun.invoke.util.BytecodeDescriptor source: shared objects file
[0.021s][info][class,load] jdk.internal.org.objectweb.asm.MethodVisitor source: shared objects file
[0.021s][info][class,load] jdk.internal.org.objectweb.asm.MethodWriter source: shared objects file
[0.021s][info][class,load] jdk.internal.org.objectweb.asm.Type source: shared objects file
[0.021s][info][class,load] jdk.internal.org.objectweb.asm.Label source: shared objects file
[0.021s][info][class,load] jdk.internal.org.objectweb.asm.Frame source: shared objects file
[0.021s][info][class,load] jdk.internal.org.objectweb.asm.AnnotationVisitor source: shared objects file
[0.021s][info][class,load] jdk.internal.org.objectweb.asm.AnnotationWriter source: shared objects file
[0.021s][info][class,load] java.lang.invoke.InvokerBytecodeGenerator$ClassData source: shared objects file
[0.021s][info][class,load] sun.invoke.util.VerifyType source: shared objects file
[0.021s][info][class,load] sun.invoke.empty.Empty source: shared objects file
[0.021s][info][class,load] java.util.ArrayList$Itr source: shared objects file
[0.021s][info][class,load] jdk.internal.org.objectweb.asm.FieldVisitor source: shared objects file
[0.021s][info][class,load] jdk.internal.org.objectweb.asm.FieldWriter source: shared objects file
[0.021s][info][class,load] jdk.internal.org.objectweb.asm.Attribute source: shared objects file
[0.021s][info][class,load] jdk.internal.org.objectweb.asm.Handler source: shared objects file
[0.021s][info][class,load] java.lang.invoke.MethodHandles$Lookup$ClassFile source: shared objects file
[0.021s][info][class,load] java.lang.invoke.MethodHandles$Lookup$ClassOption source: shared objects file
[0.021s][info][class,load] java.lang.invoke.MethodHandles$Lookup$ClassDefiner source: shared objects file
[0.021s][info][class,load] java.lang.invoke.LambdaForm$MH/0x0000000601000400 source: __JVM_LookupDefineClass__
[0.021s][info][class,load] jdk.internal.reflect.DirectMethodHandleAccessor source: shared objects file
[0.022s][info][class,load] java.lang.invoke.LambdaMetafactory source: shared objects file
[0.022s][info][class,load] java.lang.Module$ReflectionData source: shared objects file
[0.022s][info][class,load] java.lang.WeakPairMap source: shared objects file
[0.022s][info][class,load] java.lang.WeakPairMap$Pair source: shared objects file
[0.022s][info][class,load] java.lang.WeakPairMap$Pair$Lookup source: shared objects file
[0.022s][info][class,load] java.util.function.Predicate source: shared objects file
[0.022s][info][class,load] java.lang.invoke.BootstrapMethodInvoker source: shared objects file
[0.022s][info][class,load] java.lang.invoke.AbstractValidatingLambdaMetafactory source: shared objects file
[0.022s][info][class,load] java.lang.invoke.InnerClassLambdaMetafactory source: shared objects file
[0.022s][info][class,load] sun.security.action.GetBooleanAction source: shared objects file
[0.022s][info][class,load] jdk.internal.org.objectweb.asm.Handle source: shared objects file
[0.022s][info][class,load] jdk.internal.org.objectweb.asm.ConstantDynamic source: shared objects file
[0.022s][info][class,load] java.lang.invoke.MethodHandleInfo source: shared objects file
[0.022s][info][class,load] java.lang.invoke.InfoFromMemberName source: shared objects file
[0.022s][info][class,load] java.lang.invoke.LambdaProxyClassArchive source: shared objects file
[0.022s][info][class,load] jdk.internal.module.DefaultRoots$$Lambda/0x800000051 source: shared objects file
[0.022s][info][class,load] java.lang.invoke.DirectMethodHandle$Constructor source: shared objects file
[0.022s][info][class,load] java.lang.invoke.MethodHandleImpl$IntrinsicMethodHandle source: shared objects file
[0.023s][info][class,load] java.lang.invoke.LambdaForm$MH/0x0000000601000800 source: __JVM_LookupDefineClass__
[0.023s][info][class,load] jdk.internal.ref.CleanerFactory source: shared objects file
[0.023s][info][class,load] java.util.concurrent.ThreadFactory source: shared objects file
[0.023s][info][class,load] jdk.internal.ref.CleanerFactory$1 source: shared objects file
[0.023s][info][class,load] java.lang.ref.Cleaner source: shared objects file
[0.023s][info][class,load] java.lang.ref.Cleaner$1 source: shared objects file
[0.023s][info][class,load] jdk.internal.ref.CleanerImpl source: shared objects file
[0.023s][info][class,load] java.lang.ref.Cleaner$Cleanable source: shared objects file
[0.023s][info][class,load] jdk.internal.ref.PhantomCleanable source: shared objects file
[0.023s][info][class,load] jdk.internal.ref.CleanerImpl$PhantomCleanableRef source: shared objects file
[0.023s][info][class,load] jdk.internal.ref.CleanerImpl$CleanerCleanable source: shared objects file
[0.023s][info][class,load] jdk.internal.misc.InnocuousThread source: shared objects file
[0.023s][info][class,load] java.util.concurrent.TimeUnit source: shared objects file
[0.023s][info][class,load] java.util.stream.ReferencePipeline$StatelessOp source: shared objects file
[0.023s][info][class,load] java.util.stream.ReferencePipeline$2 source: shared objects file
[0.023s][info][class,load] java.util.stream.StreamShape source: shared objects file
[0.023s][info][class,load] java.util.concurrent.locks.AbstractQueuedSynchronizer$Node source: shared objects file
[0.023s][info][class,load] java.util.concurrent.locks.AbstractQueuedSynchronizer$ExclusiveNode source: shared objects file
[0.023s][info][class,load] java.util.concurrent.ForkJoinPool$ManagedBlocker source: shared objects file
[0.023s][info][class,load] java.util.concurrent.locks.AbstractQueuedSynchronizer$ConditionNode source: shared objects file
[0.023s][info][class,load] jdk.internal.module.DefaultRoots$$Lambda/0x800000050 source: shared objects file
[0.023s][info][class,load] java.util.stream.ReferencePipeline$3 source: shared objects file
[0.023s][info][class,load] jdk.internal.module.DefaultRoots$$Lambda/0x800000053 source: shared objects file
[0.023s][info][class,load] jdk.internal.module.DefaultRoots$$Lambda/0x80000004f source: shared objects file
[0.023s][info][class,load] java.util.stream.Collectors source: shared objects file
[0.023s][info][class,load] java.util.stream.Collector$Characteristics source: shared objects file
[0.023s][info][class,load] java.util.EnumSet source: shared objects file
[0.023s][info][class,load] java.util.RegularEnumSet source: shared objects file
[0.023s][info][class,load] java.util.Collections$UnmodifiableCollection source: shared objects file
[0.023s][info][class,load] java.util.Collections$UnmodifiableSet source: shared objects file
[0.023s][info][class,load] java.util.stream.Collector source: shared objects file
[0.023s][info][class,load] java.util.stream.Collectors$CollectorImpl source: shared objects file
[0.023s][info][class,load] java.util.stream.Collectors$$Lambda/0x800000046 source: shared objects file
[0.024s][info][class,load] java.util.function.BiConsumer source: shared objects file
[0.024s][info][class,load] java.lang.invoke.DirectMethodHandle$Interface source: shared objects file
[0.024s][info][class,load] java.util.stream.Collectors$$Lambda/0x80000003a source: shared objects file
[0.024s][info][class,load] java.util.function.BinaryOperator source: shared objects file
[0.024s][info][class,load] java.util.stream.Collectors$$Lambda/0x800000041 source: shared objects file
[0.024s][info][class,load] java.util.stream.Collectors$$Lambda/0x800000043 source: shared objects file
[0.024s][info][class,load] java.util.stream.ReduceOps source: shared objects file
[0.024s][info][class,load] java.util.stream.TerminalOp source: shared objects file
[0.024s][info][class,load] java.util.stream.ReduceOps$ReduceOp source: shared objects file
[0.024s][info][class,load] java.util.stream.ReduceOps$3 source: shared objects file
[0.024s][info][class,load] java.util.stream.ReduceOps$Box source: shared objects file
[0.024s][info][class,load] java.util.function.Consumer source: shared objects file
[0.024s][info][class,load] java.util.stream.Sink source: shared objects file
[0.024s][info][class,load] java.util.stream.TerminalSink source: shared objects file
[0.024s][info][class,load] java.util.stream.ReduceOps$AccumulatingSink source: shared objects file
[0.024s][info][class,load] java.util.stream.ReduceOps$3ReducingSink source: shared objects file
[0.024s][info][class,load] java.util.stream.Sink$ChainedReference source: shared objects file
[0.024s][info][class,load] java.util.stream.ReferencePipeline$3$1 source: shared objects file
[0.024s][info][class,load] java.util.stream.ReferencePipeline$2$1 source: shared objects file
[0.024s][info][class,load] jdk.internal.module.DefaultRoots$$Lambda/0x800000052 source: shared objects file
[0.024s][info][class,load] java.util.stream.FindOps source: shared objects file
[0.024s][info][class,load] java.util.stream.FindOps$FindSink source: shared objects file
[0.024s][info][class,load] java.util.stream.FindOps$FindSink$OfRef source: shared objects file
[0.024s][info][class,load] java.util.stream.FindOps$FindOp source: shared objects file
[0.024s][info][class,load] java.util.stream.FindOps$FindSink$OfRef$$Lambda/0x80000004c source: shared objects file
[0.024s][info][class,load] java.util.stream.FindOps$FindSink$OfRef$$Lambda/0x80000004a source: shared objects file
[0.024s][info][class,load] java.util.stream.FindOps$FindSink$OfRef$$Lambda/0x80000004b source: shared objects file
[0.024s][info][class,load] java.util.stream.FindOps$FindSink$OfRef$$Lambda/0x800000049 source: shared objects file
[0.025s][info][class,load] java.lang.module.Resolver source: shared objects file
[0.025s][info][class,load] java.nio.file.Watchable source: shared objects file
[0.025s][info][class,load] java.nio.file.Path source: shared objects file
[0.025s][info][class,load] java.lang.module.ModuleFinder$1 source: shared objects file
[0.025s][info][class,load] java.util.ListIterator source: shared objects file
[0.025s][info][class,load] java.util.ImmutableCollections$ListItr source: shared objects file
[0.025s][info][class,load] java.util.HashMap$Values source: shared objects file
[0.025s][info][class,load] java.util.HashMap$ValueIterator source: shared objects file
[0.025s][info][class,load] java.util.SequencedSet source: shared objects file
[0.025s][info][class,load] java.util.LinkedHashSet source: shared objects file
[0.025s][info][class,load] java.util.SequencedMap source: shared objects file
[0.025s][info][class,load] java.util.LinkedHashMap source: shared objects file
[0.025s][info][class,load] java.util.Collections$UnmodifiableCollection$1 source: shared objects file
[0.025s][info][class,load] jdk.internal.module.ModuleReferenceImpl$CachedHash source: jrt:/java.base
[0.028s][info][class,load] jdk.internal.module.ModuleLoaderMap source: shared objects file
[0.028s][info][class,load] jdk.internal.module.ModuleLoaderMap$Modules source: shared objects file
[0.029s][info][class,load] jdk.internal.loader.AbstractClassLoaderValue$Memoizer source: shared objects file
[0.029s][info][class,load] jdk.internal.module.ServicesCatalog$ServiceProvider source: shared objects file
[0.029s][info][class,load] java.util.concurrent.CopyOnWriteArrayList source: shared objects file
[0.029s][info][class,load] java.lang.ModuleLayer$Controller source: shared objects file
[0.029s][info][class,load] jdk.internal.module.ModuleBootstrap$SafeModuleFinder source: shared objects file
[0.029s][info][class,load] java.lang.invoke.StringConcatFactory source: shared objects file
[0.029s][info][class,load] jdk.internal.vm.VMSupport source: jrt:/java.base
[0.035s][info][class,load] java.util.concurrent.ForkJoinWorkerThread source: shared objects file
[0.035s][info][class,load] jdk.internal.misc.CarrierThread source: shared objects file
[0.035s][info][class,load] java.lang.instrument.Instrumentation source: jrt:/java.instrument
[0.035s][info][class,load] sun.instrument.InstrumentationImpl source: jrt:/java.instrument
[0.037s][info][class,load] java.lang.invoke.TypeConvertingMethodAdapter source: shared objects file
[0.037s][info][class,load] java.lang.invoke.InnerClassLambdaMetafactory$ForwardingMethodGenerator source: shared objects file
[0.037s][info][class,load] sun.instrument.InstrumentationImpl$$Lambda/0x0000000601041848 source: sun.instrument.InstrumentationImpl
[0.037s][info][class,load] jdk.internal.loader.NativeLibraries$LibraryPaths source: shared objects file
[0.037s][info][class,load] jdk.internal.loader.NativeLibraries$1 source: shared objects file
[0.037s][info][class,load] jdk.internal.loader.NativeLibraries$2 source: shared objects file
[0.037s][info][class,load] jdk.internal.loader.NativeLibraries$CountedLock source: shared objects file
[0.037s][info][class,load] jdk.internal.loader.NativeLibraries$NativeLibraryContext source: shared objects file
[0.037s][info][class,load] jdk.internal.loader.NativeLibraries$NativeLibraryContext$1 source: shared objects file
[0.037s][info][class,load] java.util.ArrayDeque$DeqIterator source: shared objects file
[0.037s][info][class,load] jdk.internal.loader.NativeLibrary source: shared objects file
[0.037s][info][class,load] jdk.internal.loader.NativeLibraries$NativeLibraryImpl source: shared objects file
[0.037s][info][class,load] jdk.internal.loader.NativeLibraries$NativeLibraryImpl$1 source: shared objects file
[0.038s][info][class,load] jdk.internal.loader.NativeLibraries$3 source: shared objects file
[0.038s][info][class,load] sun.instrument.TransformerManager source: jrt:/java.instrument
[0.038s][info][class,load] sun.instrument.TransformerManager$TransformerInfo source: jrt:/java.instrument
[0.038s][info][class,load] com.intellij.rt.debugger.agent.DebuggerAgent source: /Users/jasper/Library/Caches/JetBrains/IntelliJIdea2026.1/captureAgent/debugger-agent.jar
[0.038s][info][class,load] java.lang.IncompatibleClassChangeError source: shared objects file
[0.038s][info][class,load] java.lang.NoSuchMethodError source: shared objects file
[0.038s][info][class,load] java.lang.invoke.LambdaForm$DMH/0x0000000601000c00 source: __JVM_LookupDefineClass__
[0.039s][info][class,load] java.lang.invoke.LambdaForm$MH/0x0000000601001000 source: __JVM_LookupDefineClass__
[0.039s][info][class,load] java.lang.invoke.BoundMethodHandle$Species_LL source: shared objects file
[0.039s][info][class,load] java.lang.invoke.LambdaForm$MH/0x0000000601001400 source: __JVM_LookupDefineClass__
[0.039s][info][class,load] java.lang.invoke.LambdaForm$MH/0x0000000601001800 source: __JVM_LookupDefineClass__
[0.040s][info][class,load] java.lang.invoke.BoundMethodHandle$Species_LLL source: shared objects file
[0.040s][info][class,load] java.lang.invoke.LambdaForm$MH/0x0000000601001c00 source: __JVM_LookupDefineClass__
[0.040s][info][class,load] java.lang.invoke.LambdaForm$MH/0x0000000601002000 source: __JVM_LookupDefineClass__
[0.041s][info][class,load] java.lang.invoke.LambdaForm$MH/0x0000000601002400 source: __JVM_LookupDefineClass__
[0.041s][info][class,load] java.net.URI$Parser source: shared objects file
[0.041s][info][class,load] java.nio.file.Paths source: shared objects file
[0.041s][info][class,load] java.nio.file.FileSystems source: shared objects file
[0.041s][info][class,load] java.nio.file.FileSystems$DefaultFileSystemHolder source: shared objects file
[0.041s][info][class,load] java.nio.file.FileSystems$DefaultFileSystemHolder$1 source: shared objects file
[0.041s][info][class,load] sun.nio.fs.DefaultFileSystemProvider source: shared objects file
[0.041s][info][class,load] java.nio.file.spi.FileSystemProvider source: shared objects file
[0.041s][info][class,load] sun.nio.fs.AbstractFileSystemProvider source: shared objects file
[0.041s][info][class,load] sun.nio.fs.UnixFileSystemProvider source: shared objects file
[0.041s][info][class,load] sun.nio.fs.BsdFileSystemProvider source: shared objects file
[0.041s][info][class,load] sun.nio.fs.MacOSXFileSystemProvider source: shared objects file
[0.041s][info][class,load] java.nio.file.OpenOption source: shared objects file
[0.041s][info][class,load] java.nio.file.StandardOpenOption source: shared objects file
[0.041s][info][class,load] java.nio.file.FileSystem source: shared objects file
[0.041s][info][class,load] sun.nio.fs.UnixFileSystem source: shared objects file
[0.041s][info][class,load] sun.nio.fs.BsdFileSystem source: shared objects file
[0.041s][info][class,load] sun.nio.fs.MacOSXFileSystem source: shared objects file
[0.041s][info][class,load] sun.nio.fs.UnixPath source: shared objects file
[0.041s][info][class,load] sun.nio.fs.Util source: shared objects file
[0.041s][info][class,load] java.lang.StringCoding source: shared objects file
[0.041s][info][class,load] sun.nio.fs.UnixNativeDispatcher source: shared objects file
[0.042s][info][class,load] java.util.concurrent.ConcurrentHashMap$ValuesView source: shared objects file
[0.042s][info][class,load] java.util.concurrent.ConcurrentHashMap$Traverser source: shared objects file
[0.042s][info][class,load] java.util.concurrent.ConcurrentHashMap$BaseIterator source: shared objects file
[0.042s][info][class,load] java.util.Enumeration source: shared objects file
[0.042s][info][class,load] java.util.concurrent.ConcurrentHashMap$ValueIterator source: shared objects file
[0.042s][info][class,load] java.nio.file.attribute.BasicFileAttributes source: shared objects file
[0.042s][info][class,load] java.nio.file.attribute.PosixFileAttributes source: shared objects file
[0.042s][info][class,load] sun.nio.fs.UnixFileAttributes source: shared objects file
[0.042s][info][class,load] sun.nio.fs.UnixFileStoreAttributes source: shared objects file
[0.042s][info][class,load] sun.nio.fs.UnixMountEntry source: shared objects file
[0.043s][info][class,load] sun.nio.fs.UnixUriUtils source: shared objects file
[0.043s][info][class,load] java.nio.file.Files source: shared objects file
[0.043s][info][class,load] java.nio.file.attribute.FileAttribute source: jrt:/java.base
[0.043s][info][class,load] sun.nio.fs.UnixFileModeAttribute source: jrt:/java.base
[0.043s][info][class,load] sun.nio.fs.UnixChannelFactory source: jrt:/java.base
[0.043s][info][class,load] sun.nio.fs.UnixChannelFactory$Flags source: jrt:/java.base
[0.043s][info][class,load] java.util.Collections$EmptyIterator source: shared objects file
[0.043s][info][class,load] sun.nio.fs.NativeBuffers source: shared objects file
[0.043s][info][class,load] java.lang.ThreadLocal source: shared objects file
[0.043s][info][class,load] jdk.internal.misc.CarrierThreadLocal source: shared objects file
[0.043s][info][class,load] jdk.internal.misc.TerminatingThreadLocal source: shared objects file
[0.043s][info][class,load] sun.nio.fs.NativeBuffers$1 source: shared objects file
[0.043s][info][class,load] jdk.internal.misc.TerminatingThreadLocal$1 source: shared objects file
[0.043s][info][class,load] java.lang.ThreadLocal$ThreadLocalMap source: shared objects file
[0.043s][info][class,load] java.lang.ThreadLocal$ThreadLocalMap$Entry source: shared objects file
[0.043s][info][class,load] java.util.IdentityHashMap source: shared objects file
[0.043s][info][class,load] java.util.IdentityHashMap$KeySet source: shared objects file
[0.043s][info][class,load] sun.nio.fs.NativeBuffer source: shared objects file
[0.043s][info][class,load] sun.nio.fs.NativeBuffer$Deallocator source: shared objects file
[0.043s][info][class,load] java.nio.channels.Channel source: jrt:/java.base
[0.043s][info][class,load] java.nio.channels.ReadableByteChannel source: jrt:/java.base
[0.043s][info][class,load] java.nio.channels.WritableByteChannel source: jrt:/java.base
[0.043s][info][class,load] java.nio.channels.ByteChannel source: jrt:/java.base
[0.043s][info][class,load] java.nio.channels.SeekableByteChannel source: jrt:/java.base
[0.043s][info][class,load] java.nio.channels.GatheringByteChannel source: jrt:/java.base
[0.043s][info][class,load] java.nio.channels.ScatteringByteChannel source: jrt:/java.base
[0.043s][info][class,load] java.nio.channels.InterruptibleChannel source: jrt:/java.base
[0.043s][info][class,load] java.nio.channels.spi.AbstractInterruptibleChannel source: jrt:/java.base
[0.043s][info][class,load] java.nio.channels.FileChannel source: jrt:/java.base
[0.043s][info][class,load] sun.nio.ch.FileChannelImpl source: jrt:/java.base
[0.043s][info][class,load] sun.nio.ch.NativeDispatcher source: jrt:/java.base
[0.043s][info][class,load] sun.nio.ch.FileDispatcher source: jrt:/java.base
[0.043s][info][class,load] sun.nio.ch.UnixFileDispatcherImpl source: jrt:/java.base
[0.043s][info][class,load] sun.nio.ch.FileDispatcherImpl source: jrt:/java.base
[0.044s][info][class,load] sun.nio.ch.IOUtil source: jrt:/java.base
[0.044s][info][class,load] sun.nio.ch.NativeThreadSet source: jrt:/java.base
[0.044s][info][class,load] sun.nio.ch.FileChannelImpl$Closer source: jrt:/java.base
[0.044s][info][class,load] java.nio.channels.Channels source: jrt:/java.base
[0.044s][info][class,load] sun.nio.ch.Streams source: jrt:/java.base
[0.044s][info][class,load] sun.nio.ch.SelChImpl source: jrt:/java.base
[0.044s][info][class,load] java.nio.channels.NetworkChannel source: jrt:/java.base
[0.044s][info][class,load] java.nio.channels.SelectableChannel source: jrt:/java.base
[0.044s][info][class,load] java.nio.channels.spi.AbstractSelectableChannel source: jrt:/java.base
[0.044s][info][class,load] java.nio.channels.SocketChannel source: jrt:/java.base
[0.044s][info][class,load] sun.nio.ch.SocketChannelImpl source: jrt:/java.base
[0.044s][info][class,load] sun.nio.ch.ChannelInputStream source: jrt:/java.base
[0.044s][info][class,load] java.util.Properties$LineReader source: shared objects file
[0.044s][info][class,load] sun.nio.ch.NativeThread source: jrt:/java.base
[0.044s][info][class,load] sun.nio.ch.DirectBuffer source: shared objects file
[0.044s][info][class,load] sun.nio.ch.Util source: jrt:/java.base
[0.044s][info][class,load] sun.nio.ch.Util$1 source: jrt:/java.base
[0.045s][info][class,load] sun.nio.ch.Util$BufferCache source: jrt:/java.base
[0.045s][info][class,load] java.nio.MappedByteBuffer source: shared objects file
[0.045s][info][class,load] java.nio.DirectByteBuffer source: shared objects file
[0.045s][info][class,load] java.nio.Bits source: shared objects file
[0.045s][info][class,load] java.util.concurrent.atomic.AtomicLong source: shared objects file
[0.045s][info][class,load] jdk.internal.misc.VM$BufferPool source: shared objects file
[0.045s][info][class,load] java.nio.Bits$1 source: shared objects file
[0.045s][info][class,load] java.nio.DirectByteBuffer$Deallocator source: jrt:/java.base
[0.045s][info][class,load] sun.nio.ch.IOStatus source: jrt:/java.base
[0.045s][info][class,load] java.lang.StringUTF16 source: shared objects file
[0.045s][info][class,load] com.intellij.rt.debugger.agent.CaptureStorage source: /Users/jasper/Library/Caches/JetBrains/IntelliJIdea2026.1/captureAgent/debugger-agent.jar
[0.045s][info][class,load] com.intellij.rt.debugger.agent.CaptureStorage$ConcurrentIdentityWeakHashMap source: /Users/jasper/Library/Caches/JetBrains/IntelliJIdea2026.1/captureAgent/debugger-agent.jar
[0.045s][info][class,load] com.intellij.rt.debugger.agent.CaptureStorage$1 source: /Users/jasper/Library/Caches/JetBrains/IntelliJIdea2026.1/captureAgent/debugger-agent.jar
[0.045s][info][class,load] com.intellij.rt.debugger.agent.OverheadDetector source: /Users/jasper/Library/Caches/JetBrains/IntelliJIdea2026.1/captureAgent/debugger-agent.jar
[0.050s][info][class,load] com.intellij.rt.debugger.agent.OverheadDetector$OverheadTracker source: /Users/jasper/Library/Caches/JetBrains/IntelliJIdea2026.1/captureAgent/debugger-agent.jar
[0.050s][info][class,load] com.intellij.rt.debugger.agent.OverheadDetector$1 source: /Users/jasper/Library/Caches/JetBrains/IntelliJIdea2026.1/captureAgent/debugger-agent.jar
[0.050s][info][class,load] java.util.concurrent.atomic.AtomicBoolean source: jrt:/java.base
[0.050s][info][class,load] java.lang.invoke.VarHandles source: shared objects file
[0.050s][info][class,load] java.lang.invoke.VarHandleInts$FieldInstanceReadOnly source: jrt:/java.base
[0.050s][info][class,load] java.lang.invoke.VarHandleInts$FieldInstanceReadWrite source: jrt:/java.base
[0.050s][info][class,load] java.lang.invoke.VarHandleGuards source: shared objects file
[0.050s][info][class,load] java.lang.invoke.VarForm source: shared objects file
[0.050s][info][class,load] com.intellij.rt.debugger.agent.OverheadDetector$Timer source: /Users/jasper/Library/Caches/JetBrains/IntelliJIdea2026.1/captureAgent/debugger-agent.jar
[0.050s][info][class,load] com.intellij.rt.debugger.agent.OverheadDetector$CoarseTimer source: /Users/jasper/Library/Caches/JetBrains/IntelliJIdea2026.1/captureAgent/debugger-agent.jar
[0.050s][info][class,load] com.intellij.rt.debugger.agent.CaptureStorage$2 source: /Users/jasper/Library/Caches/JetBrains/IntelliJIdea2026.1/captureAgent/debugger-agent.jar
[0.050s][info][class,load] jdk.internal.math.FloatingDecimal source: jrt:/java.base
[0.050s][info][class,load] jdk.internal.math.FloatingDecimal$BinaryToASCIIConverter source: jrt:/java.base
[0.050s][info][class,load] jdk.internal.math.FloatingDecimal$ExceptionalBinaryToASCIIBuffer source: jrt:/java.base
[0.050s][info][class,load] jdk.internal.math.FloatingDecimal$BinaryToASCIIBuffer source: jrt:/java.base
[0.050s][info][class,load] jdk.internal.math.FloatingDecimal$1 source: jrt:/java.base
[0.050s][info][class,load] jdk.internal.math.FloatingDecimal$ASCIIToBinaryConverter source: jrt:/java.base
[0.050s][info][class,load] jdk.internal.math.FloatingDecimal$PreparedASCIIToBinaryBuffer source: jrt:/java.base
[0.050s][info][class,load] jdk.internal.math.FloatingDecimal$ASCIIToBinaryBuffer source: jrt:/java.base
[0.050s][info][class,load] java.lang.instrument.ClassFileTransformer source: jrt:/java.instrument
[0.050s][info][class,load] com.intellij.rt.debugger.agent.SharedFlowTransformer source: /Users/jasper/Library/Caches/JetBrains/IntelliJIdea2026.1/captureAgent/debugger-agent.jar
[0.051s][info][class,load] com.intellij.rt.debugger.agent.StateFlowTransformer source: /Users/jasper/Library/Caches/JetBrains/IntelliJIdea2026.1/captureAgent/debugger-agent.jar
[0.051s][info][class,load] com.intellij.rt.debugger.agent.CaptureAgent source: /Users/jasper/Library/Caches/JetBrains/IntelliJIdea2026.1/captureAgent/debugger-agent.jar
[0.051s][info][class,load] com.intellij.rt.debugger.agent.CaptureAgent$KeyProvider source: /Users/jasper/Library/Caches/JetBrains/IntelliJIdea2026.1/captureAgent/debugger-agent.jar
[0.051s][info][class,load] com.intellij.rt.debugger.agent.CaptureAgent$ParamKeyProvider source: /Users/jasper/Library/Caches/JetBrains/IntelliJIdea2026.1/captureAgent/debugger-agent.jar
[0.051s][info][class,load] com.intellij.rt.debugger.agent.CaptureAgent$1 source: /Users/jasper/Library/Caches/JetBrains/IntelliJIdea2026.1/captureAgent/debugger-agent.jar
[0.051s][info][class,load] com.intellij.rt.debugger.agent.CaptureAgent$InstrumentPoint source: /Users/jasper/Library/Caches/JetBrains/IntelliJIdea2026.1/captureAgent/debugger-agent.jar
[0.051s][info][class,load] com.intellij.rt.debugger.agent.CaptureAgent$FieldKeyProvider source: /Users/jasper/Library/Caches/JetBrains/IntelliJIdea2026.1/captureAgent/debugger-agent.jar
[0.051s][info][class,load] com.intellij.rt.debugger.agent.CaptureAgent$CoroutineOwnerKeyProvider source: /Users/jasper/Library/Caches/JetBrains/IntelliJIdea2026.1/captureAgent/debugger-agent.jar
[0.051s][info][class,load] java.lang.WeakPairMap$WeakRefPeer source: /Library/Java/JavaVirtualMachines/liberica-jdk-21.jdk/Contents/Home/lib/modules
[0.051s][info][class,load] java.lang.WeakPairMap$Pair$Weak source: /Library/Java/JavaVirtualMachines/liberica-jdk-21.jdk/Contents/Home/lib/modules
[0.051s][info][class,load] java.lang.WeakPairMap$Pair$Weak$1 source: /Library/Java/JavaVirtualMachines/liberica-jdk-21.jdk/Contents/Home/lib/modules
[0.051s][info][class,load] java.util.Properties$EntrySet source: /Library/Java/JavaVirtualMachines/liberica-jdk-21.jdk/Contents/Home/lib/modules
[0.051s][info][class,load] java.util.concurrent.ConcurrentHashMap$EntrySetView source: /Library/Java/JavaVirtualMachines/liberica-jdk-21.jdk/Contents/Home/lib/modules
[0.051s][info][class,load] java.util.Collections$SynchronizedCollection source: /Library/Java/JavaVirtualMachines/liberica-jdk-21.jdk/Contents/Home/lib/modules
[0.051s][info][class,load] java.util.Collections$SynchronizedSet source: /Library/Java/JavaVirtualMachines/liberica-jdk-21.jdk/Contents/Home/lib/modules
[0.051s][info][class,load] java.util.concurrent.ConcurrentHashMap$EntryIterator source: /Library/Java/JavaVirtualMachines/liberica-jdk-21.jdk/Contents/Home/lib/modules
[0.052s][info][class,load] java.util.concurrent.ConcurrentHashMap$MapEntry source: /Library/Java/JavaVirtualMachines/liberica-jdk-21.jdk/Contents/Home/lib/modules
[0.052s][info][class,load] com.intellij.rt.debugger.agent.ThrowableTransformer source: /Users/jasper/Library/Caches/JetBrains/IntelliJIdea2026.1/captureAgent/debugger-agent.jar
[0.052s][info][class,load] org.jetbrains.capture.org.objectweb.asm.Type source: /Users/jasper/Library/Caches/JetBrains/IntelliJIdea2026.1/captureAgent/debugger-agent.jar
[0.053s][info][class,load] com.intellij.rt.debugger.agent.ClassTransformer source: /Users/jasper/Library/Caches/JetBrains/IntelliJIdea2026.1/captureAgent/debugger-agent.jar
[0.054s][info][class,load] org.jetbrains.capture.org.objectweb.asm.ClassReader source: /Users/jasper/Library/Caches/JetBrains/IntelliJIdea2026.1/captureAgent/debugger-agent.jar
[0.054s][info][class,load] org.jetbrains.capture.org.objectweb.asm.Label source: /Users/jasper/Library/Caches/JetBrains/IntelliJIdea2026.1/captureAgent/debugger-agent.jar
[0.054s][info][class,load] org.jetbrains.capture.org.objectweb.asm.ClassVisitor source: /Users/jasper/Library/Caches/JetBrains/IntelliJIdea2026.1/captureAgent/debugger-agent.jar
[0.054s][info][class,load] org.jetbrains.capture.org.objectweb.asm.ClassWriter source: /Users/jasper/Library/Caches/JetBrains/IntelliJIdea2026.1/captureAgent/debugger-agent.jar
[0.054s][info][class,load] com.intellij.rt.debugger.agent.ClassTransformer$1 source: /Users/jasper/Library/Caches/JetBrains/IntelliJIdea2026.1/captureAgent/debugger-agent.jar
[0.054s][info][class,load] org.jetbrains.capture.org.objectweb.asm.SymbolTable source: /Users/jasper/Library/Caches/JetBrains/IntelliJIdea2026.1/captureAgent/debugger-agent.jar
[0.054s][info][class,load] org.jetbrains.capture.org.objectweb.asm.ByteVector source: /Users/jasper/Library/Caches/JetBrains/IntelliJIdea2026.1/captureAgent/debugger-agent.jar
[0.054s][info][class,load] org.jetbrains.capture.org.objectweb.asm.Symbol source: /Users/jasper/Library/Caches/JetBrains/IntelliJIdea2026.1/captureAgent/debugger-agent.jar
[0.054s][info][class,load] org.jetbrains.capture.org.objectweb.asm.SymbolTable$Entry source: /Users/jasper/Library/Caches/JetBrains/IntelliJIdea2026.1/captureAgent/debugger-agent.jar
[0.054s][info][class,load] java.nio.charset.StandardCharsets source: jrt:/java.base
[0.054s][info][class,load] sun.nio.cs.US_ASCII source: shared objects file
[0.054s][info][class,load] sun.nio.cs.ISO_8859_1 source: jrt:/java.base
[0.054s][info][class,load] sun.nio.cs.UTF_16BE source: jrt:/java.base
[0.054s][info][class,load] sun.nio.cs.UTF_16LE source: jrt:/java.base
[0.054s][info][class,load] sun.nio.cs.UTF_16 source: jrt:/java.base
[0.054s][info][class,load] com.intellij.rt.debugger.agent.ThrowableTransformer$1 source: /Users/jasper/Library/Caches/JetBrains/IntelliJIdea2026.1/captureAgent/debugger-agent.jar
[0.055s][info][class,load] org.jetbrains.capture.org.objectweb.asm.Attribute source: /Users/jasper/Library/Caches/JetBrains/IntelliJIdea2026.1/captureAgent/debugger-agent.jar
[0.055s][info][class,load] org.jetbrains.capture.org.objectweb.asm.Context source: /Users/jasper/Library/Caches/JetBrains/IntelliJIdea2026.1/captureAgent/debugger-agent.jar
[0.055s][info][class,load] org.jetbrains.capture.org.objectweb.asm.FieldVisitor source: /Users/jasper/Library/Caches/JetBrains/IntelliJIdea2026.1/captureAgent/debugger-agent.jar
[0.055s][info][class,load] org.jetbrains.capture.org.objectweb.asm.FieldWriter source: /Users/jasper/Library/Caches/JetBrains/IntelliJIdea2026.1/captureAgent/debugger-agent.jar
[0.055s][info][class,load] org.jetbrains.capture.org.objectweb.asm.MethodVisitor source: /Users/jasper/Library/Caches/JetBrains/IntelliJIdea2026.1/captureAgent/debugger-agent.jar
[0.055s][info][class,load] org.jetbrains.capture.org.objectweb.asm.MethodWriter source: /Users/jasper/Library/Caches/JetBrains/IntelliJIdea2026.1/captureAgent/debugger-agent.jar
[0.055s][info][class,load] org.jetbrains.capture.org.objectweb.asm.Frame source: /Users/jasper/Library/Caches/JetBrains/IntelliJIdea2026.1/captureAgent/debugger-agent.jar
[0.055s][info][class,load] com.intellij.rt.debugger.agent.ThrowableTransformer$1$1 source: /Users/jasper/Library/Caches/JetBrains/IntelliJIdea2026.1/captureAgent/debugger-agent.jar
[0.055s][info][class,load] java.lang.PublicMethods source: jrt:/java.base
[0.055s][info][class,load] java.lang.InterruptedException source: jrt:/java.base
[0.055s][info][class,load] java.util.LinkedHashMap$LinkedValues source: jrt:/java.base
[0.055s][info][class,load] java.util.LinkedHashMap$LinkedHashIterator source: shared objects file
[0.055s][info][class,load] java.util.LinkedHashMap$LinkedValueIterator source: jrt:/java.base
[0.056s][info][class,load] org.jetbrains.capture.org.objectweb.asm.Edge source: /Users/jasper/Library/Caches/JetBrains/IntelliJIdea2026.1/captureAgent/debugger-agent.jar
[0.056s][info][class,load] org.jetbrains.capture.org.objectweb.asm.Opcodes source: /Users/jasper/Library/Caches/JetBrains/IntelliJIdea2026.1/captureAgent/debugger-agent.jar
[0.056s][info][class,load] com.intellij.rt.debugger.agent.ThrowableTransformer$1$2 source: /Users/jasper/Library/Caches/JetBrains/IntelliJIdea2026.1/captureAgent/debugger-agent.jar
[0.056s][info][class,load] org.jetbrains.capture.org.objectweb.asm.Handler source: /Users/jasper/Library/Caches/JetBrains/IntelliJIdea2026.1/captureAgent/debugger-agent.jar
[0.057s][info][class,load] org.jetbrains.capture.org.objectweb.asm.AnnotationVisitor source: /Users/jasper/Library/Caches/JetBrains/IntelliJIdea2026.1/captureAgent/debugger-agent.jar
[0.057s][info][class,load] org.jetbrains.capture.org.objectweb.asm.AnnotationWriter source: /Users/jasper/Library/Caches/JetBrains/IntelliJIdea2026.1/captureAgent/debugger-agent.jar
[0.057s][info][class,load] java.lang.Throwable source: __VM_RedefineClasses__
[0.058s][info][class,load] com.intellij.rt.debugger.agent.CaptureAgent$CaptureTransformer source: /Users/jasper/Library/Caches/JetBrains/IntelliJIdea2026.1/captureAgent/debugger-agent.jar
[0.058s][info][class,load] com.intellij.rt.debugger.agent.SuspendHelper source: /Users/jasper/Library/Caches/JetBrains/IntelliJIdea2026.1/captureAgent/debugger-agent.jar
[0.058s][info][class,load] com.intellij.rt.debugger.agent.SuspendHelper$1 source: /Users/jasper/Library/Caches/JetBrains/IntelliJIdea2026.1/captureAgent/debugger-agent.jar
[0.059s][info][class,load] jdk.internal.event.Event source: /Library/Java/JavaVirtualMachines/liberica-jdk-21.jdk/Contents/Home/lib/modules
[0.059s][info][class,load] jdk.internal.event.ThreadSleepEvent source: /Library/Java/JavaVirtualMachines/liberica-jdk-21.jdk/Contents/Home/lib/modules
[0.059s][info][class,load] com.intellij.rt.debugger.agent.CollectionBreakpointInstrumentor source: /Users/jasper/Library/Caches/JetBrains/IntelliJIdea2026.1/captureAgent/debugger-agent.jar
[0.059s][info][class,load] com.intellij.rt.debugger.agent.CollectionBreakpointInstrumentor$ConcurrentIdentityHashMap source: /Users/jasper/Library/Caches/JetBrains/IntelliJIdea2026.1/captureAgent/debugger-agent.jar
[0.059s][info][class,load] com.intellij.rt.debugger.agent.SpilledVariablesTransformer source: /Users/jasper/Library/Caches/JetBrains/IntelliJIdea2026.1/captureAgent/debugger-agent.jar
[0.059s][info][class,load] com.intellij.rt.debugger.agent.SpilledVariablesTransformer$SpillingTransformer source: /Users/jasper/Library/Caches/JetBrains/IntelliJIdea2026.1/captureAgent/debugger-agent.jar
[0.059s][info][class,load] com.intellij.rt.debugger.agent.TailCallContinuationTransformer source: /Users/jasper/Library/Caches/JetBrains/IntelliJIdea2026.1/captureAgent/debugger-agent.jar
[0.059s][info][class,load] com.intellij.rt.debugger.agent.TailCallContinuationTransformer$TailCallTransformer source: /Users/jasper/Library/Caches/JetBrains/IntelliJIdea2026.1/captureAgent/debugger-agent.jar
[0.059s][info][class,load] com.intellij.rt.debugger.agent.LogCaptureTransformer source: /Users/jasper/Library/Caches/JetBrains/IntelliJIdea2026.1/captureAgent/debugger-agent.jar
[0.059s][info][class,load] com.intellij.rt.debugger.agent.InstrumentationBreakpointTransformer source: /Users/jasper/Library/Caches/JetBrains/IntelliJIdea2026.1/captureAgent/debugger-agent.jar
[0.059s][info][class,load] com.intellij.rt.debugger.agent.InstrumentationBreakpointTransformer$BreakpointInstrumentalist source: /Users/jasper/Library/Caches/JetBrains/IntelliJIdea2026.1/captureAgent/debugger-agent.jar
[0.060s][info][class,load] sun.launcher.LauncherHelper source: /Library/Java/JavaVirtualMachines/liberica-jdk-21.jdk/Contents/Home/lib/modules
[0.060s][info][class,load] java.util.concurrent.ConcurrentHashMap$ForwardingNode source: /Library/Java/JavaVirtualMachines/liberica-jdk-21.jdk/Contents/Home/lib/modules
[0.060s][info][class,load] sun.net.util.URLUtil source: /Library/Java/JavaVirtualMachines/liberica-jdk-21.jdk/Contents/Home/lib/modules
[0.060s][info][class,load] java.security.PrivilegedExceptionAction source: /Library/Java/JavaVirtualMachines/liberica-jdk-21.jdk/Contents/Home/lib/modules
[0.060s][info][class,load] jdk.internal.loader.URLClassPath$3 source: /Library/Java/JavaVirtualMachines/liberica-jdk-21.jdk/Contents/Home/lib/modules
[0.060s][info][class,load] jdk.internal.loader.URLClassPath$Loader source: /Library/Java/JavaVirtualMachines/liberica-jdk-21.jdk/Contents/Home/lib/modules
[0.060s][info][class,load] jdk.internal.loader.URLClassPath$FileLoader source: /Library/Java/JavaVirtualMachines/liberica-jdk-21.jdk/Contents/Home/lib/modules
[0.060s][info][class,load] jdk.internal.loader.Resource source: /Library/Java/JavaVirtualMachines/liberica-jdk-21.jdk/Contents/Home/lib/modules
[0.060s][info][class,load] jdk.internal.loader.URLClassPath$FileLoader$1 source: /Library/Java/JavaVirtualMachines/liberica-jdk-21.jdk/Contents/Home/lib/modules
[0.060s][info][class,load] java.lang.NamedPackage source: /Library/Java/JavaVirtualMachines/liberica-jdk-21.jdk/Contents/Home/lib/modules
[0.060s][info][class,load] java.lang.Package source: /Library/Java/JavaVirtualMachines/liberica-jdk-21.jdk/Contents/Home/lib/modules
[0.060s][info][class,load] java.lang.Package$VersionInfo source: /Library/Java/JavaVirtualMachines/liberica-jdk-21.jdk/Contents/Home/lib/modules
[0.060s][info][class,load] java.io.FileCleanable source: /Library/Java/JavaVirtualMachines/liberica-jdk-21.jdk/Contents/Home/lib/modules
[0.060s][info][class,load] sun.nio.ByteBuffered source: /Library/Java/JavaVirtualMachines/liberica-jdk-21.jdk/Contents/Home/lib/modules
[0.061s][info][class,load] java.io.FileInputStream$1 source: /Library/Java/JavaVirtualMachines/liberica-jdk-21.jdk/Contents/Home/lib/modules
[0.061s][info][class,load] java.security.SecureClassLoader$CodeSourceKey source: /Library/Java/JavaVirtualMachines/liberica-jdk-21.jdk/Contents/Home/lib/modules
[0.061s][info][class,load] java.security.SecureClassLoader$1 source: /Library/Java/JavaVirtualMachines/liberica-jdk-21.jdk/Contents/Home/lib/modules
[0.061s][info][class,load] java.security.PermissionCollection source: /Library/Java/JavaVirtualMachines/liberica-jdk-21.jdk/Contents/Home/lib/modules
[0.061s][info][class,load] sun.security.util.LazyCodeSourcePermissionCollection source: /Library/Java/JavaVirtualMachines/liberica-jdk-21.jdk/Contents/Home/lib/modules
[0.061s][info][class,load] java.security.Permissions source: /Library/Java/JavaVirtualMachines/liberica-jdk-21.jdk/Contents/Home/lib/modules
[0.061s][info][class,load] java.security.Guard source: /Library/Java/JavaVirtualMachines/liberica-jdk-21.jdk/Contents/Home/lib/modules
[0.061s][info][class,load] java.security.Permission source: /Library/Java/JavaVirtualMachines/liberica-jdk-21.jdk/Contents/Home/lib/modules
[0.061s][info][class,load] java.security.BasicPermission source: /Library/Java/JavaVirtualMachines/liberica-jdk-21.jdk/Contents/Home/lib/modules
[0.061s][info][class,load] java.lang.RuntimePermission source: /Library/Java/JavaVirtualMachines/liberica-jdk-21.jdk/Contents/Home/lib/modules
[0.061s][info][class,load] java.security.BasicPermissionCollection source: /Library/Java/JavaVirtualMachines/liberica-jdk-21.jdk/Contents/Home/lib/modules
[0.061s][info][class,load] java.security.AllPermission source: /Library/Java/JavaVirtualMachines/liberica-jdk-21.jdk/Contents/Home/lib/modules
[0.061s][info][class,load] java.security.UnresolvedPermission source: /Library/Java/JavaVirtualMachines/liberica-jdk-21.jdk/Contents/Home/lib/modules
[0.061s][info][class,load] java.security.SecureClassLoader$DebugHolder source: /Library/Java/JavaVirtualMachines/liberica-jdk-21.jdk/Contents/Home/lib/modules
[0.061s][info][class,load] sun.security.util.Debug source: /Library/Java/JavaVirtualMachines/liberica-jdk-21.jdk/Contents/Home/lib/modules
[0.061s][info][class,load] com.jasper.classload.initialization.passiveReference.Test source: file:/Users/jasper/code/java/person/learnJava/basic/jvm/build/classes/java/main/
[0.061s][info][class,load] jdk.internal.misc.MainMethodFinder source: /Library/Java/JavaVirtualMachines/liberica-jdk-21.jdk/Contents/Home/lib/modules
[0.061s][info][class,load] jdk.internal.misc.PreviewFeatures source: /Library/Java/JavaVirtualMachines/liberica-jdk-21.jdk/Contents/Home/lib/modules
[0.061s][info][class,load] java.lang.Readable source: /Library/Java/JavaVirtualMachines/liberica-jdk-21.jdk/Contents/Home/lib/modules
[0.061s][info][class,load] java.nio.CharBuffer source: /Library/Java/JavaVirtualMachines/liberica-jdk-21.jdk/Contents/Home/lib/modules
[0.061s][info][class,load] java.nio.HeapCharBuffer source: /Library/Java/JavaVirtualMachines/liberica-jdk-21.jdk/Contents/Home/lib/modules
[0.062s][info][class,load] java.nio.charset.CoderResult source: /Library/Java/JavaVirtualMachines/liberica-jdk-21.jdk/Contents/Home/lib/modules
[0.062s][info][class,load] java.util.IdentityHashMap$IdentityHashMapIterator source: /Library/Java/JavaVirtualMachines/liberica-jdk-21.jdk/Contents/Home/lib/modules
[0.062s][info][class,load] java.util.IdentityHashMap$KeyIterator source: /Library/Java/JavaVirtualMachines/liberica-jdk-21.jdk/Contents/Home/lib/modules
[0.062s][info][class,load] java.lang.Shutdown source: /Library/Java/JavaVirtualMachines/liberica-jdk-21.jdk/Contents/Home/lib/modules
[0.062s][info][class,load] java.lang.Shutdown$Lock source: /Library/Java/JavaVirtualMachines/liberica-jdk-21.jdk/Contents/Home/lib/modules
